<?xml version="1.0" encoding="UTF-8"?>
<testsuite xmlns:xsi="http://www.w3.org/2001/XMLSchema-instance" xsi:noNamespaceSchemaLocation="https://maven.apache.org/surefire/maven-surefire-plugin/xsd/surefire-test-report-3.0.xsd" version="3.0" name="com.xiyoulinux.priorityqueue.TestPriorityQueue" time="0.065" tests="2" errors="1" skipped="0" failures="0">
  <properties>
[...]
</properties>
  <testcase name="testPriorityQueueTimeComplexity" classname="com.xiyoulinux.priorityqueue.TestPriorityQueue" time="0.051">
    <system-out><![CDATA[Execution Time: 35 milliseconds
]]></system-out>
  </testcase>
  <testcase name="poll" classname="com.xiyoulinux.priorityqueue.TestPriorityQueue" time="0.004">
    <error message="Cannot invoke &quot;com.xiyoulinux.priorityqueue.Entry.priority()&quot; because the return value of &quot;com.xiyoulinux.priorityqueue.PriorityQueue.peek()&quot; is null" type="java.lang.NullPointerException"><![CDATA[java.lang.NullPointerException: Cannot invoke "com.xiyoulinux.priorityqueue.Entry.priority()" because the return value of "com.xiyoulinux.priorityqueue.PriorityQueue.peek()" is null
	at com.xiyoulinux.priorityqueue.TestPriorityQueue.poll(TestPriorityQueue.java:23)
	at java.base/java.lang.reflect.Method.invoke(Method.java:580)
	at java.base/java.util.ArrayList.forEach(ArrayList.java:1597)
	at java.base/java.util.ArrayList.forEach(ArrayList.java:1597)
]]></error>
  </testcase>
</testsuite>